2018-11-07 22:19:15 +0000  Initial pipeline context: <IDEDistributionProcessingPipelineContext: 0x7fb4c25ac120; archive(resolved)='<IDEArchive: 0x7fb4c79533c0>', distributionTask(resolved)='2', distributionDestination(resolved)='1', distributionMethod(resolved)='<IDEDistributionMethodDevelopmentSigned: 0x7fb4c7a1f9d0>', team(resolved)='<IDEProvisioningDisambiguatableBasicTeam: 0x7fb4c2349070; teamID='DXZ5VF8836', teamName='Wal-mart Stores, Inc.', teamType='Enterprise', username='santhosh.ramidi@samsclub.com', isFreeProvisioningTeam='0'>'>
	Chain (12, self inclusive):
	<IDEDistributionProcessingPipelineContext: 0x7fb4c25ac120; archive = '<IDEArchive: 0x7fb4c79533c0>', distributionMethod='<IDEDistributionMethodDevelopmentSigned: 0x7fb4c7a1f9d0>', team='<IDEProvisioningDisambiguatableBasicTeam: 0x7fb4c2349070; teamID='DXZ5VF8836', teamName='Wal-mart Stores, Inc.', teamType='Enterprise', username='santhosh.ramidi@samsclub.com', isFreeProvisioningTeam='0'>'>
	<IDEDistributionProcessingPipelineContext: 0x7fb4c2556cc0; archive = '<IDEArchive: 0x7fb4c79533c0>', distributionMethod='<IDEDistributionMethodDevelopmentSigned: 0x7fb4c7a1f9d0>', team='<IDEProvisioningDisambiguatableBasicTeam: 0x7fb4c2349070; teamID='DXZ5VF8836', teamName='Wal-mart Stores, Inc.', teamType='Enterprise', username='santhosh.ramidi@samsclub.com', isFreeProvisioningTeam='0'>'>
	<IDEDistributionContext: 0x7fb4ae925090; archive = '<IDEArchive: 0x7fb4c79533c0>', distributionMethod='<IDEDistributionMethodDevelopmentSigned: 0x7fb4c7a1f9d0>', team='<IDEProvisioningDisambiguatableBasicTeam: 0x7fb4c2349070; teamID='DXZ5VF8836', teamName='Wal-mart Stores, Inc.', teamType='Enterprise', username='santhosh.ramidi@samsclub.com', isFreeProvisioningTeam='0'>'>
	<IDEDistributionContext: 0x7fb4ae951970; archive = '<IDEArchive: 0x7fb4c79533c0>', distributionMethod='<IDEDistributionMethodDevelopmentSigned: 0x7fb4c7a1f9d0>', team='<IDEProvisioningDisambiguatableBasicTeam: 0x7fb4c2349070; teamID='DXZ5VF8836', teamName='Wal-mart Stores, Inc.', teamType='Enterprise', username='santhosh.ramidi@samsclub.com', isFreeProvisioningTeam='0'>'>
	<IDEDistributionContext: 0x7fb4c3ddaf60; archive = '<IDEArchive: 0x7fb4c79533c0>', distributionMethod='<IDEDistributionMethodDevelopmentSigned: 0x7fb4c7a1f9d0>', team='<IDEProvisioningDisambiguatableBasicTeam: 0x7fb4c2349070; teamID='DXZ5VF8836', teamName='Wal-mart Stores, Inc.', teamType='Enterprise', username='santhosh.ramidi@samsclub.com', isFreeProvisioningTeam='0'>'>
	<IDEDistributionContext: 0x7fb4c7872cc0; archive = '<IDEArchive: 0x7fb4c79533c0>', distributionMethod='<IDEDistributionMethodDevelopmentSigned: 0x7fb4c7a1f9d0>', team='<IDEProvisioningDisambiguatableBasicTeam: 0x7fb4c2349070; teamID='DXZ5VF8836', teamName='Wal-mart Stores, Inc.', teamType='Enterprise', username='santhosh.ramidi@samsclub.com', isFreeProvisioningTeam='0'>'>
	<IDEDistributionContext: 0x7fb4c3616d90; archive = '<IDEArchive: 0x7fb4c79533c0>', distributionMethod='<IDEDistributionMethodDevelopmentSigned: 0x7fb4c7a1f9d0>', team='<IDEProvisioningDisambiguatableBasicTeam: 0x7fb4c2349070; teamID='DXZ5VF8836', teamName='Wal-mart Stores, Inc.', teamType='Enterprise', username='santhosh.ramidi@samsclub.com', isFreeProvisioningTeam='0'>'>
	<IDEDistributionContext: 0x7fb4c361bef0; archive = '<IDEArchive: 0x7fb4c79533c0>', distributionMethod='<IDEDistributionMethodDevelopmentSigned: 0x7fb4c7a1f9d0>', team='<IDEProvisioningDisambiguatableBasicTeam: 0x7fb4c2349070; teamID='DXZ5VF8836', teamName='Wal-mart Stores, Inc.', teamType='Enterprise', username='santhosh.ramidi@samsclub.com', isFreeProvisioningTeam='0'>'>
	<IDEDistributionContext: 0x7fb4c363f770; archive = '<IDEArchive: 0x7fb4c79533c0>', distributionMethod='<IDEDistributionMethodDevelopmentSigned: 0x7fb4c7a1f9d0>', team='<IDEProvisioningDisambiguatableBasicTeam: 0x7fb4c2349070; teamID='DXZ5VF8836', teamName='Wal-mart Stores, Inc.', teamType='Enterprise', username='santhosh.ramidi@samsclub.com', isFreeProvisioningTeam='0'>'>
	<IDEDistributionContext: 0x7fb4c36202b0; archive = '<IDEArchive: 0x7fb4c79533c0>', distributionMethod='<IDEDistributionMethodDevelopmentSigned: 0x7fb4c7a1f9d0>', team='(null)'>
	<IDEDistributionContext: 0x7fb4c474dac0; archive = '<IDEArchive: 0x7fb4c79533c0>', distributionMethod='<IDEDistributionMethodDevelopmentSigned: 0x7fb4c7a1f9d0>', team='(null)'>
	<IDEDistributionContext: 0x7fb4c25340a0; archive = '<IDEArchive: 0x7fb4c79533c0>', distributionMethod='(null)', team='(null)'>
</IDEDistributionProcessingPipelineContext: 0x7fb4c25ac120>
2018-11-07 22:19:15 +0000  Processing step: IDEDistributionCreateDestRootStep
2018-11-07 22:19:15 +0000  Processing step: IDEDistributionCopyItemStep
2018-11-07 22:19:15 +0000  Running /usr/bin/ditto '-V' '/Users/santhoshramidi/Library/Developer/Xcode/Archives/2018-11-07/webview 11-7-18, 4.16 PM.xcarchive/Products/Applications/webview.app' '/var/folders/3y/8h1r18fx4mn15vhmcc72tsl40000gp/T/XcodeDistPipeline.b2W/Root/Payload/webview.app'
2018-11-07 22:19:15 +0000  >>> Copying /Users/santhoshramidi/Library/Developer/Xcode/Archives/2018-11-07/webview 11-7-18, 4.16 PM.xcarchive/Products/Applications/webview.app 
2018-11-07 22:19:15 +0000  copying file ./_CodeSignature/CodeResources ... 
2018-11-07 22:19:15 +0000  6917 bytes for ./_CodeSignature/CodeResources
2018-11-07 22:19:15 +0000  copying file ./webview ... 
2018-11-07 22:19:15 +0000  175792 bytes for ./webview
2018-11-07 22:19:15 +0000  copying file ./Base.lproj/Main.storyboardc/UIViewController-BYZ-38-t0r.nib ... 
2018-11-07 22:19:15 +0000  978 bytes for ./Base.lproj/Main.storyboardc/UIViewController-BYZ-38-t0r.nib
2018-11-07 22:19:15 +0000  copying file ./Base.lproj/Main.storyboardc/BYZ-38-t0r-view-8bC-Xf-vdC.nib ... 
2018-11-07 22:19:15 +0000  2329 bytes for ./Base.lproj/Main.storyboardc/BYZ-38-t0r-view-8bC-Xf-vdC.nib
2018-11-07 22:19:15 +0000  copying file ./Base.lproj/Main.storyboardc/Info.plist ... 
2018-11-07 22:19:15 +0000  258 bytes for ./Base.lproj/Main.storyboardc/Info.plist
2018-11-07 22:19:15 +0000  copying file ./Base.lproj/LaunchScreen.storyboardc/01J-lp-oVM-view-Ze5-6b-2t3.nib ... 
2018-11-07 22:19:15 +0000  1136 bytes for ./Base.lproj/LaunchScreen.storyboardc/01J-lp-oVM-view-Ze5-6b-2t3.nib
2018-11-07 22:19:15 +0000  copying file ./Base.lproj/LaunchScreen.storyboardc/UIViewController-01J-lp-oVM.nib ... 
2018-11-07 22:19:15 +0000  832 bytes for ./Base.lproj/LaunchScreen.storyboardc/UIViewController-01J-lp-oVM.nib
2018-11-07 22:19:15 +0000  copying file ./Base.lproj/LaunchScreen.storyboardc/Info.plist ... 
2018-11-07 22:19:15 +0000  258 bytes for ./Base.lproj/LaunchScreen.storyboardc/Info.plist
2018-11-07 22:19:15 +0000  copying file ./Frameworks/libswiftCoreImage.dylib ... 
2018-11-07 22:19:15 +0000  463984 bytes for ./Frameworks/libswiftCoreImage.dylib
copying file ./Frameworks/libswiftObjectiveC.dylib ... 
2018-11-07 22:19:15 +0000  676704 bytes for ./Frameworks/libswiftObjectiveC.dylib
copying file ./Frameworks/libswiftCore.dylib ... 
2018-11-07 22:19:15 +0000  98312976 bytes for ./Frameworks/libswiftCore.dylib
2018-11-07 22:19:15 +0000  copying file ./Frameworks/libswiftCoreGraphics.dylib ... 
2342512 bytes for ./Frameworks/libswiftCoreGraphics.dylib
copying file ./Frameworks/libswiftUIKit.dylib ... 
2018-11-07 22:19:15 +0000  1987552 bytes for ./Frameworks/libswiftUIKit.dylib
copying file ./Frameworks/libswiftMetal.dylib ... 
722032 bytes for ./Frameworks/libswiftMetal.dylib
copying file ./Frameworks/libswiftDispatch.dylib ... 
2018-11-07 22:19:15 +0000  4229072 bytes for ./Frameworks/libswiftDispatch.dylib
2018-11-07 22:19:15 +0000  copying file ./Frameworks/libswiftos.dylib ... 
874304 bytes for ./Frameworks/libswiftos.dylib
copying file ./Frameworks/libswiftCoreFoundation.dylib ... 
398000 bytes for ./Frameworks/libswiftCoreFoundation.dylib
copying file ./Frameworks/libswiftDarwin.dylib ... 
2018-11-07 22:19:15 +0000  1091888 bytes for ./Frameworks/libswiftDarwin.dylib
copying file ./Frameworks/libswiftQuartzCore.dylib ... 
468000 bytes for ./Frameworks/libswiftQuartzCore.dylib
copying file ./Frameworks/libswiftFoundation.dylib ... 
2018-11-07 22:19:15 +0000  42507584 bytes for ./Frameworks/libswiftFoundation.dylib
2018-11-07 22:19:15 +0000  copying file ./embedded.mobileprovision ... 
305611 bytes for ./embedded.mobileprovision
copying file ./Info.plist ... 
1238 bytes for ./Info.plist
copying file ./PkgInfo ... 
8 bytes for ./PkgInfo
2018-11-07 22:19:15 +0000  /usr/bin/ditto exited with 0
2018-11-07 22:19:15 +0000  Processing step: IDEDistributionEmbedProfileStep
2018-11-07 22:19:15 +0000  Skipping profile for item: <IDEDistributionItem: 0x7fb4c3309750 'com.apple.dt.runtime.swiftCore' '<DVTFilePath:0x7fb4c25d6210:'/Users/santhoshramidi/Library/Developer/Xcode/Archives/2018-11-07/webview 11-7-18, 4.16 PM.xcarchive/Products/Applications/webview.app/Frameworks/libswiftCore.dylib'>'>
2018-11-07 22:19:15 +0000  Skipping profile for item: <IDEDistributionItem: 0x7fb4c7734870 'com.apple.dt.runtime.swiftCoreFoundation' '<DVTFilePath:0x7fb4c79bed00:'/Users/santhoshramidi/Library/Developer/Xcode/Archives/2018-11-07/webview 11-7-18, 4.16 PM.xcarchive/Products/Applications/webview.app/Frameworks/libswiftCoreFoundation.dylib'>'>
2018-11-07 22:19:15 +0000  Skipping profile for item: <IDEDistributionItem: 0x7fb4c4790890 'com.apple.dt.runtime.swiftCoreGraphics' '<DVTFilePath:0x7fb4c4666bd0:'/Users/santhoshramidi/Library/Developer/Xcode/Archives/2018-11-07/webview 11-7-18, 4.16 PM.xcarchive/Products/Applications/webview.app/Frameworks/libswiftCoreGraphics.dylib'>'>
2018-11-07 22:19:15 +0000  Skipping profile for item: <IDEDistributionItem: 0x7fb4ad5c2740 'com.apple.dt.runtime.swiftCoreImage' '<DVTFilePath:0x7fb4c474ecb0:'/Users/santhoshramidi/Library/Developer/Xcode/Archives/2018-11-07/webview 11-7-18, 4.16 PM.xcarchive/Products/Applications/webview.app/Frameworks/libswiftCoreImage.dylib'>'>
2018-11-07 22:19:15 +0000  Skipping profile for item: <IDEDistributionItem: 0x7fb4c3ea7540 'com.apple.dt.runtime.swiftDarwin' '<DVTFilePath:0x7fb4ad4a14b0:'/Users/santhoshramidi/Library/Developer/Xcode/Archives/2018-11-07/webview 11-7-18, 4.16 PM.xcarchive/Products/Applications/webview.app/Frameworks/libswiftDarwin.dylib'>'>
2018-11-07 22:19:15 +0000  Skipping profile for item: <IDEDistributionItem: 0x7fb4c3eacf00 'com.apple.dt.runtime.swiftDispatch' '<DVTFilePath:0x7fb4c4d6db50:'/Users/santhoshramidi/Library/Developer/Xcode/Archives/2018-11-07/webview 11-7-18, 4.16 PM.xcarchive/Products/Applications/webview.app/Frameworks/libswiftDispatch.dylib'>'>
2018-11-07 22:19:15 +0000  Skipping profile for item: <IDEDistributionItem: 0x7fb4c2518490 'com.apple.dt.runtime.swiftFoundation' '<DVTFilePath:0x7fb4c69d40d0:'/Users/santhoshramidi/Library/Developer/Xcode/Archives/2018-11-07/webview 11-7-18, 4.16 PM.xcarchive/Products/Applications/webview.app/Frameworks/libswiftFoundation.dylib'>'>
2018-11-07 22:19:15 +0000  Skipping profile for item: <IDEDistributionItem: 0x7fb4c79eaf10 'com.apple.dt.runtime.swiftMetal' '<DVTFilePath:0x7fb4c797c2f0:'/Users/santhoshramidi/Library/Developer/Xcode/Archives/2018-11-07/webview 11-7-18, 4.16 PM.xcarchive/Products/Applications/webview.app/Frameworks/libswiftMetal.dylib'>'>
2018-11-07 22:19:15 +0000  Skipping profile for item: <IDEDistributionItem: 0x7fb4c475fec0 'com.apple.dt.runtime.swiftObjectiveC' '<DVTFilePath:0x7fb4c7ab0880:'/Users/santhoshramidi/Library/Developer/Xcode/Archives/2018-11-07/webview 11-7-18, 4.16 PM.xcarchive/Products/Applications/webview.app/Frameworks/libswiftObjectiveC.dylib'>'>
2018-11-07 22:19:15 +0000  Skipping profile for item: <IDEDistributionItem: 0x7fb4c443d980 'com.apple.dt.runtime.swiftQuartzCore' '<DVTFilePath:0x7fb4c36f51f0:'/Users/santhoshramidi/Library/Developer/Xcode/Archives/2018-11-07/webview 11-7-18, 4.16 PM.xcarchive/Products/Applications/webview.app/Frameworks/libswiftQuartzCore.dylib'>'>
2018-11-07 22:19:15 +0000  Skipping profile for item: <IDEDistributionItem: 0x7fb4c7a8b9a0 'com.apple.dt.runtime.swiftUIKit' '<DVTFilePath:0x7fb4c695f490:'/Users/santhoshramidi/Library/Developer/Xcode/Archives/2018-11-07/webview 11-7-18, 4.16 PM.xcarchive/Products/Applications/webview.app/Frameworks/libswiftUIKit.dylib'>'>
2018-11-07 22:19:15 +0000  Skipping profile for item: <IDEDistributionItem: 0x7fb4c36e4d20 'com.apple.dt.runtime.swiftos' '<DVTFilePath:0x7fb4bf365df0:'/Users/santhoshramidi/Library/Developer/Xcode/Archives/2018-11-07/webview 11-7-18, 4.16 PM.xcarchive/Products/Applications/webview.app/Frameworks/libswiftos.dylib'>'>
2018-11-07 22:19:15 +0000  Processing step: IDEDistributionAppThinningPlistStep
2018-11-07 22:19:15 +0000  Processing step: IDEDistributionCompileBitcodeStep
2018-11-07 22:19:15 +0000  Skipping step: IDEDistributionCompileBitcodeStep because it said so
2018-11-07 22:19:15 +0000  Processing step: IDEDistributionCodeSlimmingStep
2018-11-07 22:19:15 +0000  Processing step: IDEDistributionCopyBCSymbolMapsStep
2018-11-07 22:19:15 +0000  Skipping step: IDEDistributionCopyBCSymbolMapsStep because it said so
2018-11-07 22:19:15 +0000  Skipping step: IDEDistributionCopyBCSymbolMapsStep because it said so
2018-11-07 22:19:15 +0000  Skipping step: IDEDistributionCopyBCSymbolMapsStep because it said so
2018-11-07 22:19:15 +0000  Skipping step: IDEDistributionCopyBCSymbolMapsStep because it said so
2018-11-07 22:19:15 +0000  Skipping step: IDEDistributionCopyBCSymbolMapsStep because it said so
2018-11-07 22:19:15 +0000  Skipping step: IDEDistributionCopyBCSymbolMapsStep because it said so
2018-11-07 22:19:15 +0000  Skipping step: IDEDistributionCopyBCSymbolMapsStep because it said so
2018-11-07 22:19:15 +0000  Skipping step: IDEDistributionCopyBCSymbolMapsStep because it said so
2018-11-07 22:19:15 +0000  Skipping step: IDEDistributionCopyBCSymbolMapsStep because it said so
2018-11-07 22:19:15 +0000  Skipping step: IDEDistributionCopyBCSymbolMapsStep because it said so
2018-11-07 22:19:15 +0000  Skipping step: IDEDistributionCopyBCSymbolMapsStep because it said so
2018-11-07 22:19:15 +0000  Skipping step: IDEDistributionCopyBCSymbolMapsStep because it said so
2018-11-07 22:19:15 +0000  Skipping step: IDEDistributionCopyBCSymbolMapsStep because it said so
2018-11-07 22:19:15 +0000  Processing step: IDEDistributionSymbolsStep
2018-11-07 22:19:15 +0000  Skipping step: IDEDistributionSymbolsStep because it said so
2018-11-07 22:19:15 +0000  Skipping step: IDEDistributionSymbolsStep because it said so
2018-11-07 22:19:15 +0000  Skipping step: IDEDistributionSymbolsStep because it said so
2018-11-07 22:19:15 +0000  Skipping step: IDEDistributionSymbolsStep because it said so
2018-11-07 22:19:15 +0000  Skipping step: IDEDistributionSymbolsStep because it said so
2018-11-07 22:19:15 +0000  Skipping step: IDEDistributionSymbolsStep because it said so
2018-11-07 22:19:15 +0000  Skipping step: IDEDistributionSymbolsStep because it said so
2018-11-07 22:19:15 +0000  Skipping step: IDEDistributionSymbolsStep because it said so
2018-11-07 22:19:15 +0000  Skipping step: IDEDistributionSymbolsStep because it said so
2018-11-07 22:19:15 +0000  Skipping step: IDEDistributionSymbolsStep because it said so
2018-11-07 22:19:15 +0000  Skipping step: IDEDistributionSymbolsStep because it said so
2018-11-07 22:19:15 +0000  Skipping step: IDEDistributionSymbolsStep because it said so
2018-11-07 22:19:15 +0000  Skipping step: IDEDistributionSymbolsStep because it said so
2018-11-07 22:19:15 +0000  Processing step: IDEDistributionAppThinningStep
2018-11-07 22:19:15 +0000  Skipping step: IDEDistributionAppThinningStep because it said so
2018-11-07 22:19:15 +0000  Processing step: IDEDistributionArchThinningStep
2018-11-07 22:19:15 +0000  Running /Applications/Xcode.app/Contents/Developer/Toolchains/XcodeDefault.xctoolchain/usr/bin/lipo '/var/folders/3y/8h1r18fx4mn15vhmcc72tsl40000gp/T/XcodeDistPipeline.b2W/Root/Payload/webview.app/Frameworks/libswiftCore.dylib' '-verify_arch' 'arm64e'
2018-11-07 22:19:15 +0000  /Applications/Xcode.app/Contents/Developer/Toolchains/XcodeDefault.xctoolchain/usr/bin/lipo exited with 0
2018-11-07 22:19:15 +0000  Running /Applications/Xcode.app/Contents/Developer/Toolchains/XcodeDefault.xctoolchain/usr/bin/lipo '/var/folders/3y/8h1r18fx4mn15vhmcc72tsl40000gp/T/XcodeDistPipeline.b2W/Root/Payload/webview.app/Frameworks/libswiftCore.dylib' '-remove' 'arm64e' '-output' '/var/folders/3y/8h1r18fx4mn15vhmcc72tsl40000gp/T/XcodeDistPipeline.b2W/Root/Payload/webview.app/Frameworks/libswiftCore.dylib'
2018-11-07 22:19:15 +0000  /Applications/Xcode.app/Contents/Developer/Toolchains/XcodeDefault.xctoolchain/usr/bin/lipo exited with 0
2018-11-07 22:19:15 +0000  Successfully thinned item "libswiftCore.dylib", arch "arm64e"
2018-11-07 22:19:15 +0000  Running /Applications/Xcode.app/Contents/Developer/Toolchains/XcodeDefault.xctoolchain/usr/bin/lipo '/var/folders/3y/8h1r18fx4mn15vhmcc72tsl40000gp/T/XcodeDistPipeline.b2W/Root/Payload/webview.app/Frameworks/libswiftCoreFoundation.dylib' '-verify_arch' 'arm64e'
2018-11-07 22:19:15 +0000  /Applications/Xcode.app/Contents/Developer/Toolchains/XcodeDefault.xctoolchain/usr/bin/lipo exited with 0
2018-11-07 22:19:15 +0000  Running /Applications/Xcode.app/Contents/Developer/Toolchains/XcodeDefault.xctoolchain/usr/bin/lipo '/var/folders/3y/8h1r18fx4mn15vhmcc72tsl40000gp/T/XcodeDistPipeline.b2W/Root/Payload/webview.app/Frameworks/libswiftCoreFoundation.dylib' '-remove' 'arm64e' '-output' '/var/folders/3y/8h1r18fx4mn15vhmcc72tsl40000gp/T/XcodeDistPipeline.b2W/Root/Payload/webview.app/Frameworks/libswiftCoreFoundation.dylib'
2018-11-07 22:19:15 +0000  /Applications/Xcode.app/Contents/Developer/Toolchains/XcodeDefault.xctoolchain/usr/bin/lipo exited with 0
2018-11-07 22:19:15 +0000  Successfully thinned item "libswiftCoreFoundation.dylib", arch "arm64e"
2018-11-07 22:19:15 +0000  Running /Applications/Xcode.app/Contents/Developer/Toolchains/XcodeDefault.xctoolchain/usr/bin/lipo '/var/folders/3y/8h1r18fx4mn15vhmcc72tsl40000gp/T/XcodeDistPipeline.b2W/Root/Payload/webview.app/Frameworks/libswiftCoreGraphics.dylib' '-verify_arch' 'arm64e'
2018-11-07 22:19:15 +0000  /Applications/Xcode.app/Contents/Developer/Toolchains/XcodeDefault.xctoolchain/usr/bin/lipo exited with 0
2018-11-07 22:19:15 +0000  Running /Applications/Xcode.app/Contents/Developer/Toolchains/XcodeDefault.xctoolchain/usr/bin/lipo '/var/folders/3y/8h1r18fx4mn15vhmcc72tsl40000gp/T/XcodeDistPipeline.b2W/Root/Payload/webview.app/Frameworks/libswiftCoreGraphics.dylib' '-remove' 'arm64e' '-output' '/var/folders/3y/8h1r18fx4mn15vhmcc72tsl40000gp/T/XcodeDistPipeline.b2W/Root/Payload/webview.app/Frameworks/libswiftCoreGraphics.dylib'
2018-11-07 22:19:15 +0000  /Applications/Xcode.app/Contents/Developer/Toolchains/XcodeDefault.xctoolchain/usr/bin/lipo exited with 0
2018-11-07 22:19:15 +0000  Successfully thinned item "libswiftCoreGraphics.dylib", arch "arm64e"
2018-11-07 22:19:15 +0000  Running /Applications/Xcode.app/Contents/Developer/Toolchains/XcodeDefault.xctoolchain/usr/bin/lipo '/var/folders/3y/8h1r18fx4mn15vhmcc72tsl40000gp/T/XcodeDistPipeline.b2W/Root/Payload/webview.app/Frameworks/libswiftCoreImage.dylib' '-verify_arch' 'arm64e'
2018-11-07 22:19:15 +0000  /Applications/Xcode.app/Contents/Developer/Toolchains/XcodeDefault.xctoolchain/usr/bin/lipo exited with 0
2018-11-07 22:19:15 +0000  Running /Applications/Xcode.app/Contents/Developer/Toolchains/XcodeDefault.xctoolchain/usr/bin/lipo '/var/folders/3y/8h1r18fx4mn15vhmcc72tsl40000gp/T/XcodeDistPipeline.b2W/Root/Payload/webview.app/Frameworks/libswiftCoreImage.dylib' '-remove' 'arm64e' '-output' '/var/folders/3y/8h1r18fx4mn15vhmcc72tsl40000gp/T/XcodeDistPipeline.b2W/Root/Payload/webview.app/Frameworks/libswiftCoreImage.dylib'
2018-11-07 22:19:15 +0000  /Applications/Xcode.app/Contents/Developer/Toolchains/XcodeDefault.xctoolchain/usr/bin/lipo exited with 0
2018-11-07 22:19:15 +0000  Successfully thinned item "libswiftCoreImage.dylib", arch "arm64e"
2018-11-07 22:19:15 +0000  Running /Applications/Xcode.app/Contents/Developer/Toolchains/XcodeDefault.xctoolchain/usr/bin/lipo '/var/folders/3y/8h1r18fx4mn15vhmcc72tsl40000gp/T/XcodeDistPipeline.b2W/Root/Payload/webview.app/Frameworks/libswiftDarwin.dylib' '-verify_arch' 'arm64e'
2018-11-07 22:19:15 +0000  /Applications/Xcode.app/Contents/Developer/Toolchains/XcodeDefault.xctoolchain/usr/bin/lipo exited with 0
2018-11-07 22:19:15 +0000  Running /Applications/Xcode.app/Contents/Developer/Toolchains/XcodeDefault.xctoolchain/usr/bin/lipo '/var/folders/3y/8h1r18fx4mn15vhmcc72tsl40000gp/T/XcodeDistPipeline.b2W/Root/Payload/webview.app/Frameworks/libswiftDarwin.dylib' '-remove' 'arm64e' '-output' '/var/folders/3y/8h1r18fx4mn15vhmcc72tsl40000gp/T/XcodeDistPipeline.b2W/Root/Payload/webview.app/Frameworks/libswiftDarwin.dylib'
2018-11-07 22:19:15 +0000  /Applications/Xcode.app/Contents/Developer/Toolchains/XcodeDefault.xctoolchain/usr/bin/lipo exited with 0
2018-11-07 22:19:15 +0000  Successfully thinned item "libswiftDarwin.dylib", arch "arm64e"
2018-11-07 22:19:15 +0000  Running /Applications/Xcode.app/Contents/Developer/Toolchains/XcodeDefault.xctoolchain/usr/bin/lipo '/var/folders/3y/8h1r18fx4mn15vhmcc72tsl40000gp/T/XcodeDistPipeline.b2W/Root/Payload/webview.app/Frameworks/libswiftDispatch.dylib' '-verify_arch' 'arm64e'
2018-11-07 22:19:15 +0000  /Applications/Xcode.app/Contents/Developer/Toolchains/XcodeDefault.xctoolchain/usr/bin/lipo exited with 0
2018-11-07 22:19:15 +0000  Running /Applications/Xcode.app/Contents/Developer/Toolchains/XcodeDefault.xctoolchain/usr/bin/lipo '/var/folders/3y/8h1r18fx4mn15vhmcc72tsl40000gp/T/XcodeDistPipeline.b2W/Root/Payload/webview.app/Frameworks/libswiftDispatch.dylib' '-remove' 'arm64e' '-output' '/var/folders/3y/8h1r18fx4mn15vhmcc72tsl40000gp/T/XcodeDistPipeline.b2W/Root/Payload/webview.app/Frameworks/libswiftDispatch.dylib'
2018-11-07 22:19:15 +0000  /Applications/Xcode.app/Contents/Developer/Toolchains/XcodeDefault.xctoolchain/usr/bin/lipo exited with 0
2018-11-07 22:19:15 +0000  Successfully thinned item "libswiftDispatch.dylib", arch "arm64e"
2018-11-07 22:19:15 +0000  Running /Applications/Xcode.app/Contents/Developer/Toolchains/XcodeDefault.xctoolchain/usr/bin/lipo '/var/folders/3y/8h1r18fx4mn15vhmcc72tsl40000gp/T/XcodeDistPipeline.b2W/Root/Payload/webview.app/Frameworks/libswiftFoundation.dylib' '-verify_arch' 'arm64e'
2018-11-07 22:19:15 +0000  /Applications/Xcode.app/Contents/Developer/Toolchains/XcodeDefault.xctoolchain/usr/bin/lipo exited with 0
2018-11-07 22:19:15 +0000  Running /Applications/Xcode.app/Contents/Developer/Toolchains/XcodeDefault.xctoolchain/usr/bin/lipo '/var/folders/3y/8h1r18fx4mn15vhmcc72tsl40000gp/T/XcodeDistPipeline.b2W/Root/Payload/webview.app/Frameworks/libswiftFoundation.dylib' '-remove' 'arm64e' '-output' '/var/folders/3y/8h1r18fx4mn15vhmcc72tsl40000gp/T/XcodeDistPipeline.b2W/Root/Payload/webview.app/Frameworks/libswiftFoundation.dylib'
2018-11-07 22:19:15 +0000  /Applications/Xcode.app/Contents/Developer/Toolchains/XcodeDefault.xctoolchain/usr/bin/lipo exited with 0
2018-11-07 22:19:15 +0000  Successfully thinned item "libswiftFoundation.dylib", arch "arm64e"
2018-11-07 22:19:15 +0000  Running /Applications/Xcode.app/Contents/Developer/Toolchains/XcodeDefault.xctoolchain/usr/bin/lipo '/var/folders/3y/8h1r18fx4mn15vhmcc72tsl40000gp/T/XcodeDistPipeline.b2W/Root/Payload/webview.app/Frameworks/libswiftMetal.dylib' '-verify_arch' 'arm64e'
2018-11-07 22:19:15 +0000  /Applications/Xcode.app/Contents/Developer/Toolchains/XcodeDefault.xctoolchain/usr/bin/lipo exited with 0
2018-11-07 22:19:15 +0000  Running /Applications/Xcode.app/Contents/Developer/Toolchains/XcodeDefault.xctoolchain/usr/bin/lipo '/var/folders/3y/8h1r18fx4mn15vhmcc72tsl40000gp/T/XcodeDistPipeline.b2W/Root/Payload/webview.app/Frameworks/libswiftMetal.dylib' '-remove' 'arm64e' '-output' '/var/folders/3y/8h1r18fx4mn15vhmcc72tsl40000gp/T/XcodeDistPipeline.b2W/Root/Payload/webview.app/Frameworks/libswiftMetal.dylib'
2018-11-07 22:19:15 +0000  /Applications/Xcode.app/Contents/Developer/Toolchains/XcodeDefault.xctoolchain/usr/bin/lipo exited with 0
2018-11-07 22:19:15 +0000  Successfully thinned item "libswiftMetal.dylib", arch "arm64e"
2018-11-07 22:19:15 +0000  Running /Applications/Xcode.app/Contents/Developer/Toolchains/XcodeDefault.xctoolchain/usr/bin/lipo '/var/folders/3y/8h1r18fx4mn15vhmcc72tsl40000gp/T/XcodeDistPipeline.b2W/Root/Payload/webview.app/Frameworks/libswiftObjectiveC.dylib' '-verify_arch' 'arm64e'
2018-11-07 22:19:15 +0000  /Applications/Xcode.app/Contents/Developer/Toolchains/XcodeDefault.xctoolchain/usr/bin/lipo exited with 0
2018-11-07 22:19:15 +0000  Running /Applications/Xcode.app/Contents/Developer/Toolchains/XcodeDefault.xctoolchain/usr/bin/lipo '/var/folders/3y/8h1r18fx4mn15vhmcc72tsl40000gp/T/XcodeDistPipeline.b2W/Root/Payload/webview.app/Frameworks/libswiftObjectiveC.dylib' '-remove' 'arm64e' '-output' '/var/folders/3y/8h1r18fx4mn15vhmcc72tsl40000gp/T/XcodeDistPipeline.b2W/Root/Payload/webview.app/Frameworks/libswiftObjectiveC.dylib'
2018-11-07 22:19:15 +0000  /Applications/Xcode.app/Contents/Developer/Toolchains/XcodeDefault.xctoolchain/usr/bin/lipo exited with 0
2018-11-07 22:19:15 +0000  Successfully thinned item "libswiftObjectiveC.dylib", arch "arm64e"
2018-11-07 22:19:15 +0000  Running /Applications/Xcode.app/Contents/Developer/Toolchains/XcodeDefault.xctoolchain/usr/bin/lipo '/var/folders/3y/8h1r18fx4mn15vhmcc72tsl40000gp/T/XcodeDistPipeline.b2W/Root/Payload/webview.app/Frameworks/libswiftQuartzCore.dylib' '-verify_arch' 'arm64e'
2018-11-07 22:19:15 +0000  /Applications/Xcode.app/Contents/Developer/Toolchains/XcodeDefault.xctoolchain/usr/bin/lipo exited with 0
2018-11-07 22:19:15 +0000  Running /Applications/Xcode.app/Contents/Developer/Toolchains/XcodeDefault.xctoolchain/usr/bin/lipo '/var/folders/3y/8h1r18fx4mn15vhmcc72tsl40000gp/T/XcodeDistPipeline.b2W/Root/Payload/webview.app/Frameworks/libswiftQuartzCore.dylib' '-remove' 'arm64e' '-output' '/var/folders/3y/8h1r18fx4mn15vhmcc72tsl40000gp/T/XcodeDistPipeline.b2W/Root/Payload/webview.app/Frameworks/libswiftQuartzCore.dylib'
2018-11-07 22:19:15 +0000  /Applications/Xcode.app/Contents/Developer/Toolchains/XcodeDefault.xctoolchain/usr/bin/lipo exited with 0
2018-11-07 22:19:15 +0000  Successfully thinned item "libswiftQuartzCore.dylib", arch "arm64e"
2018-11-07 22:19:15 +0000  Running /Applications/Xcode.app/Contents/Developer/Toolchains/XcodeDefault.xctoolchain/usr/bin/lipo '/var/folders/3y/8h1r18fx4mn15vhmcc72tsl40000gp/T/XcodeDistPipeline.b2W/Root/Payload/webview.app/Frameworks/libswiftUIKit.dylib' '-verify_arch' 'arm64e'
2018-11-07 22:19:15 +0000  /Applications/Xcode.app/Contents/Developer/Toolchains/XcodeDefault.xctoolchain/usr/bin/lipo exited with 0
2018-11-07 22:19:15 +0000  Running /Applications/Xcode.app/Contents/Developer/Toolchains/XcodeDefault.xctoolchain/usr/bin/lipo '/var/folders/3y/8h1r18fx4mn15vhmcc72tsl40000gp/T/XcodeDistPipeline.b2W/Root/Payload/webview.app/Frameworks/libswiftUIKit.dylib' '-remove' 'arm64e' '-output' '/var/folders/3y/8h1r18fx4mn15vhmcc72tsl40000gp/T/XcodeDistPipeline.b2W/Root/Payload/webview.app/Frameworks/libswiftUIKit.dylib'
2018-11-07 22:19:15 +0000  /Applications/Xcode.app/Contents/Developer/Toolchains/XcodeDefault.xctoolchain/usr/bin/lipo exited with 0
2018-11-07 22:19:15 +0000  Successfully thinned item "libswiftUIKit.dylib", arch "arm64e"
2018-11-07 22:19:15 +0000  Running /Applications/Xcode.app/Contents/Developer/Toolchains/XcodeDefault.xctoolchain/usr/bin/lipo '/var/folders/3y/8h1r18fx4mn15vhmcc72tsl40000gp/T/XcodeDistPipeline.b2W/Root/Payload/webview.app/Frameworks/libswiftos.dylib' '-verify_arch' 'arm64e'
2018-11-07 22:19:15 +0000  /Applications/Xcode.app/Contents/Developer/Toolchains/XcodeDefault.xctoolchain/usr/bin/lipo exited with 0
2018-11-07 22:19:15 +0000  Running /Applications/Xcode.app/Contents/Developer/Toolchains/XcodeDefault.xctoolchain/usr/bin/lipo '/var/folders/3y/8h1r18fx4mn15vhmcc72tsl40000gp/T/XcodeDistPipeline.b2W/Root/Payload/webview.app/Frameworks/libswiftos.dylib' '-remove' 'arm64e' '-output' '/var/folders/3y/8h1r18fx4mn15vhmcc72tsl40000gp/T/XcodeDistPipeline.b2W/Root/Payload/webview.app/Frameworks/libswiftos.dylib'
2018-11-07 22:19:15 +0000  /Applications/Xcode.app/Contents/Developer/Toolchains/XcodeDefault.xctoolchain/usr/bin/lipo exited with 0
2018-11-07 22:19:15 +0000  Successfully thinned item "libswiftos.dylib", arch "arm64e"
2018-11-07 22:19:15 +0000  Running /Applications/Xcode.app/Contents/Developer/Toolchains/XcodeDefault.xctoolchain/usr/bin/lipo '/var/folders/3y/8h1r18fx4mn15vhmcc72tsl40000gp/T/XcodeDistPipeline.b2W/Root/Payload/webview.app/webview' '-verify_arch' 'arm64e'
2018-11-07 22:19:15 +0000  /Applications/Xcode.app/Contents/Developer/Toolchains/XcodeDefault.xctoolchain/usr/bin/lipo exited with 1
2018-11-07 22:19:15 +0000  Skipping architecture thinning for item "webview" because arch "arm64e" wasn't found
2018-11-07 22:19:15 +0000  Processing step: IDEDistributionODRStep
2018-11-07 22:19:15 +0000  Processing step: IDEDistributionStripXattrsStep
2018-11-07 22:19:15 +0000  Skipping stripping extended attributes of item: <IDEDistributionItem: 0x7fb4c3309750 'com.apple.dt.runtime.swiftCore' '<DVTFilePath:0x7fb4c25d6210:'/Users/santhoshramidi/Library/Developer/Xcode/Archives/2018-11-07/webview 11-7-18, 4.16 PM.xcarchive/Products/Applications/webview.app/Frameworks/libswiftCore.dylib'>'>
2018-11-07 22:19:15 +0000  Skipping stripping extended attributes of item: <IDEDistributionItem: 0x7fb4c7734870 'com.apple.dt.runtime.swiftCoreFoundation' '<DVTFilePath:0x7fb4c79bed00:'/Users/santhoshramidi/Library/Developer/Xcode/Archives/2018-11-07/webview 11-7-18, 4.16 PM.xcarchive/Products/Applications/webview.app/Frameworks/libswiftCoreFoundation.dylib'>'>
2018-11-07 22:19:16 +0000  Skipping stripping extended attributes of item: <IDEDistributionItem: 0x7fb4c4790890 'com.apple.dt.runtime.swiftCoreGraphics' '<DVTFilePath:0x7fb4c4666bd0:'/Users/santhoshramidi/Library/Developer/Xcode/Archives/2018-11-07/webview 11-7-18, 4.16 PM.xcarchive/Products/Applications/webview.app/Frameworks/libswiftCoreGraphics.dylib'>'>
2018-11-07 22:19:16 +0000  Skipping stripping extended attributes of item: <IDEDistributionItem: 0x7fb4ad5c2740 'com.apple.dt.runtime.swiftCoreImage' '<DVTFilePath:0x7fb4c474ecb0:'/Users/santhoshramidi/Library/Developer/Xcode/Archives/2018-11-07/webview 11-7-18, 4.16 PM.xcarchive/Products/Applications/webview.app/Frameworks/libswiftCoreImage.dylib'>'>
2018-11-07 22:19:16 +0000  Skipping stripping extended attributes of item: <IDEDistributionItem: 0x7fb4c3ea7540 'com.apple.dt.runtime.swiftDarwin' '<DVTFilePath:0x7fb4ad4a14b0:'/Users/santhoshramidi/Library/Developer/Xcode/Archives/2018-11-07/webview 11-7-18, 4.16 PM.xcarchive/Products/Applications/webview.app/Frameworks/libswiftDarwin.dylib'>'>
2018-11-07 22:19:16 +0000  Skipping stripping extended attributes of item: <IDEDistributionItem: 0x7fb4c3eacf00 'com.apple.dt.runtime.swiftDispatch' '<DVTFilePath:0x7fb4c4d6db50:'/Users/santhoshramidi/Library/Developer/Xcode/Archives/2018-11-07/webview 11-7-18, 4.16 PM.xcarchive/Products/Applications/webview.app/Frameworks/libswiftDispatch.dylib'>'>
2018-11-07 22:19:16 +0000  Skipping stripping extended attributes of item: <IDEDistributionItem: 0x7fb4c2518490 'com.apple.dt.runtime.swiftFoundation' '<DVTFilePath:0x7fb4c69d40d0:'/Users/santhoshramidi/Library/Developer/Xcode/Archives/2018-11-07/webview 11-7-18, 4.16 PM.xcarchive/Products/Applications/webview.app/Frameworks/libswiftFoundation.dylib'>'>
2018-11-07 22:19:16 +0000  Skipping stripping extended attributes of item: <IDEDistributionItem: 0x7fb4c79eaf10 'com.apple.dt.runtime.swiftMetal' '<DVTFilePath:0x7fb4c797c2f0:'/Users/santhoshramidi/Library/Developer/Xcode/Archives/2018-11-07/webview 11-7-18, 4.16 PM.xcarchive/Products/Applications/webview.app/Frameworks/libswiftMetal.dylib'>'>
2018-11-07 22:19:16 +0000  Skipping stripping extended attributes of item: <IDEDistributionItem: 0x7fb4c475fec0 'com.apple.dt.runtime.swiftObjectiveC' '<DVTFilePath:0x7fb4c7ab0880:'/Users/santhoshramidi/Library/Developer/Xcode/Archives/2018-11-07/webview 11-7-18, 4.16 PM.xcarchive/Products/Applications/webview.app/Frameworks/libswiftObjectiveC.dylib'>'>
2018-11-07 22:19:16 +0000  Skipping stripping extended attributes of item: <IDEDistributionItem: 0x7fb4c443d980 'com.apple.dt.runtime.swiftQuartzCore' '<DVTFilePath:0x7fb4c36f51f0:'/Users/santhoshramidi/Library/Developer/Xcode/Archives/2018-11-07/webview 11-7-18, 4.16 PM.xcarchive/Products/Applications/webview.app/Frameworks/libswiftQuartzCore.dylib'>'>
2018-11-07 22:19:16 +0000  Skipping stripping extended attributes of item: <IDEDistributionItem: 0x7fb4c7a8b9a0 'com.apple.dt.runtime.swiftUIKit' '<DVTFilePath:0x7fb4c695f490:'/Users/santhoshramidi/Library/Developer/Xcode/Archives/2018-11-07/webview 11-7-18, 4.16 PM.xcarchive/Products/Applications/webview.app/Frameworks/libswiftUIKit.dylib'>'>
2018-11-07 22:19:16 +0000  Skipping stripping extended attributes of item: <IDEDistributionItem: 0x7fb4c36e4d20 'com.apple.dt.runtime.swiftos' '<DVTFilePath:0x7fb4bf365df0:'/Users/santhoshramidi/Library/Developer/Xcode/Archives/2018-11-07/webview 11-7-18, 4.16 PM.xcarchive/Products/Applications/webview.app/Frameworks/libswiftos.dylib'>'>
2018-11-07 22:19:16 +0000  Running /usr/bin/xattr '-crs' '/var/folders/3y/8h1r18fx4mn15vhmcc72tsl40000gp/T/XcodeDistPipeline.b2W/Root/Payload/webview.app'
2018-11-07 22:19:16 +0000  /usr/bin/xattr exited with 0
2018-11-07 22:19:16 +0000  Processing step: IDEDistributionCodesignStep
2018-11-07 22:19:16 +0000  Entitlements for <IDEDistributionItem: 0x7fb4c3309750 'com.apple.dt.runtime.swiftCore' '<DVTFilePath:0x7fb4c25d6210:'/Users/santhoshramidi/Library/Developer/Xcode/Archives/2018-11-07/webview 11-7-18, 4.16 PM.xcarchive/Products/Applications/webview.app/Frameworks/libswiftCore.dylib'>'>: {
}
2018-11-07 22:19:16 +0000  Writing entitlements for <IDEDistributionItem: 0x7fb4c3309750 'com.apple.dt.runtime.swiftCore' '<DVTFilePath:0x7fb4c25d6210:'/Users/santhoshramidi/Library/Developer/Xcode/Archives/2018-11-07/webview 11-7-18, 4.16 PM.xcarchive/Products/Applications/webview.app/Frameworks/libswiftCore.dylib'>'> to: /var/folders/3y/8h1r18fx4mn15vhmcc72tsl40000gp/T/XcodeDistPipeline.b2W/entitlementsRXv4Ed
2018-11-07 22:19:16 +0000  Running /usr/bin/codesign '-vvv' '--force' '--sign' 'BAED5B763978CEAB623549C4A07228CC0A704160' '--entitlements' '/var/folders/3y/8h1r18fx4mn15vhmcc72tsl40000gp/T/XcodeDistPipeline.b2W/entitlementsRXv4Ed' '--preserve-metadata=identifier,flags,runtime' '/var/folders/3y/8h1r18fx4mn15vhmcc72tsl40000gp/T/XcodeDistPipeline.b2W/Root/Payload/webview.app/Frameworks/libswiftCore.dylib'
2018-11-07 22:19:16 +0000  /var/folders/3y/8h1r18fx4mn15vhmcc72tsl40000gp/T/XcodeDistPipeline.b2W/Root/Payload/webview.app/Frameworks/libswiftCore.dylib: signed Mach-O universal (armv7 armv7s arm64) [com.apple.dt.runtime.swiftCore]
2018-11-07 22:19:16 +0000  /usr/bin/codesign exited with 0
2018-11-07 22:19:16 +0000  Entitlements for <IDEDistributionItem: 0x7fb4c7734870 'com.apple.dt.runtime.swiftCoreFoundation' '<DVTFilePath:0x7fb4c79bed00:'/Users/santhoshramidi/Library/Developer/Xcode/Archives/2018-11-07/webview 11-7-18, 4.16 PM.xcarchive/Products/Applications/webview.app/Frameworks/libswiftCoreFoundation.dylib'>'>: {
}
2018-11-07 22:19:16 +0000  Writing entitlements for <IDEDistributionItem: 0x7fb4c7734870 'com.apple.dt.runtime.swiftCoreFoundation' '<DVTFilePath:0x7fb4c79bed00:'/Users/santhoshramidi/Library/Developer/Xcode/Archives/2018-11-07/webview 11-7-18, 4.16 PM.xcarchive/Products/Applications/webview.app/Frameworks/libswiftCoreFoundation.dylib'>'> to: /var/folders/3y/8h1r18fx4mn15vhmcc72tsl40000gp/T/XcodeDistPipeline.b2W/entitlementsvyiZMB
2018-11-07 22:19:16 +0000  Running /usr/bin/codesign '-vvv' '--force' '--sign' 'BAED5B763978CEAB623549C4A07228CC0A704160' '--entitlements' '/var/folders/3y/8h1r18fx4mn15vhmcc72tsl40000gp/T/XcodeDistPipeline.b2W/entitlementsvyiZMB' '--preserve-metadata=identifier,flags,runtime' '/var/folders/3y/8h1r18fx4mn15vhmcc72tsl40000gp/T/XcodeDistPipeline.b2W/Root/Payload/webview.app/Frameworks/libswiftCoreFoundation.dylib'
2018-11-07 22:19:16 +0000  /var/folders/3y/8h1r18fx4mn15vhmcc72tsl40000gp/T/XcodeDistPipeline.b2W/Root/Payload/webview.app/Frameworks/libswiftCoreFoundation.dylib: signed Mach-O universal (armv7 armv7s arm64) [com.apple.dt.runtime.swiftCoreFoundation]
2018-11-07 22:19:16 +0000  /usr/bin/codesign exited with 0
2018-11-07 22:19:16 +0000  Entitlements for <IDEDistributionItem: 0x7fb4c4790890 'com.apple.dt.runtime.swiftCoreGraphics' '<DVTFilePath:0x7fb4c4666bd0:'/Users/santhoshramidi/Library/Developer/Xcode/Archives/2018-11-07/webview 11-7-18, 4.16 PM.xcarchive/Products/Applications/webview.app/Frameworks/libswiftCoreGraphics.dylib'>'>: {
}
2018-11-07 22:19:16 +0000  Writing entitlements for <IDEDistributionItem: 0x7fb4c4790890 'com.apple.dt.runtime.swiftCoreGraphics' '<DVTFilePath:0x7fb4c4666bd0:'/Users/santhoshramidi/Library/Developer/Xcode/Archives/2018-11-07/webview 11-7-18, 4.16 PM.xcarchive/Products/Applications/webview.app/Frameworks/libswiftCoreGraphics.dylib'>'> to: /var/folders/3y/8h1r18fx4mn15vhmcc72tsl40000gp/T/XcodeDistPipeline.b2W/entitlements56cHSG
2018-11-07 22:19:16 +0000  Running /usr/bin/codesign '-vvv' '--force' '--sign' 'BAED5B763978CEAB623549C4A07228CC0A704160' '--entitlements' '/var/folders/3y/8h1r18fx4mn15vhmcc72tsl40000gp/T/XcodeDistPipeline.b2W/entitlements56cHSG' '--preserve-metadata=identifier,flags,runtime' '/var/folders/3y/8h1r18fx4mn15vhmcc72tsl40000gp/T/XcodeDistPipeline.b2W/Root/Payload/webview.app/Frameworks/libswiftCoreGraphics.dylib'
2018-11-07 22:19:16 +0000  /var/folders/3y/8h1r18fx4mn15vhmcc72tsl40000gp/T/XcodeDistPipeline.b2W/Root/Payload/webview.app/Frameworks/libswiftCoreGraphics.dylib: signed Mach-O universal (armv7 armv7s arm64) [com.apple.dt.runtime.swiftCoreGraphics]
2018-11-07 22:19:16 +0000  /usr/bin/codesign exited with 0
2018-11-07 22:19:16 +0000  Entitlements for <IDEDistributionItem: 0x7fb4ad5c2740 'com.apple.dt.runtime.swiftCoreImage' '<DVTFilePath:0x7fb4c474ecb0:'/Users/santhoshramidi/Library/Developer/Xcode/Archives/2018-11-07/webview 11-7-18, 4.16 PM.xcarchive/Products/Applications/webview.app/Frameworks/libswiftCoreImage.dylib'>'>: {
}
2018-11-07 22:19:16 +0000  Writing entitlements for <IDEDistributionItem: 0x7fb4ad5c2740 'com.apple.dt.runtime.swiftCoreImage' '<DVTFilePath:0x7fb4c474ecb0:'/Users/santhoshramidi/Library/Developer/Xcode/Archives/2018-11-07/webview 11-7-18, 4.16 PM.xcarchive/Products/Applications/webview.app/Frameworks/libswiftCoreImage.dylib'>'> to: /var/folders/3y/8h1r18fx4mn15vhmcc72tsl40000gp/T/XcodeDistPipeline.b2W/entitlementsYYJ3lC
2018-11-07 22:19:16 +0000  Running /usr/bin/codesign '-vvv' '--force' '--sign' 'BAED5B763978CEAB623549C4A07228CC0A704160' '--entitlements' '/var/folders/3y/8h1r18fx4mn15vhmcc72tsl40000gp/T/XcodeDistPipeline.b2W/entitlementsYYJ3lC' '--preserve-metadata=identifier,flags,runtime' '/var/folders/3y/8h1r18fx4mn15vhmcc72tsl40000gp/T/XcodeDistPipeline.b2W/Root/Payload/webview.app/Frameworks/libswiftCoreImage.dylib'
2018-11-07 22:19:16 +0000  /var/folders/3y/8h1r18fx4mn15vhmcc72tsl40000gp/T/XcodeDistPipeline.b2W/Root/Payload/webview.app/Frameworks/libswiftCoreImage.dylib: signed Mach-O universal (armv7 armv7s arm64) [com.apple.dt.runtime.swiftCoreImage]
2018-11-07 22:19:16 +0000  /usr/bin/codesign exited with 0
2018-11-07 22:19:16 +0000  Entitlements for <IDEDistributionItem: 0x7fb4c3ea7540 'com.apple.dt.runtime.swiftDarwin' '<DVTFilePath:0x7fb4ad4a14b0:'/Users/santhoshramidi/Library/Developer/Xcode/Archives/2018-11-07/webview 11-7-18, 4.16 PM.xcarchive/Products/Applications/webview.app/Frameworks/libswiftDarwin.dylib'>'>: {
}
2018-11-07 22:19:16 +0000  Writing entitlements for <IDEDistributionItem: 0x7fb4c3ea7540 'com.apple.dt.runtime.swiftDarwin' '<DVTFilePath:0x7fb4ad4a14b0:'/Users/santhoshramidi/Library/Developer/Xcode/Archives/2018-11-07/webview 11-7-18, 4.16 PM.xcarchive/Products/Applications/webview.app/Frameworks/libswiftDarwin.dylib'>'> to: /var/folders/3y/8h1r18fx4mn15vhmcc72tsl40000gp/T/XcodeDistPipeline.b2W/entitlementspxJyg9
2018-11-07 22:19:16 +0000  Running /usr/bin/codesign '-vvv' '--force' '--sign' 'BAED5B763978CEAB623549C4A07228CC0A704160' '--entitlements' '/var/folders/3y/8h1r18fx4mn15vhmcc72tsl40000gp/T/XcodeDistPipeline.b2W/entitlementspxJyg9' '--preserve-metadata=identifier,flags,runtime' '/var/folders/3y/8h1r18fx4mn15vhmcc72tsl40000gp/T/XcodeDistPipeline.b2W/Root/Payload/webview.app/Frameworks/libswiftDarwin.dylib'
2018-11-07 22:19:16 +0000  /var/folders/3y/8h1r18fx4mn15vhmcc72tsl40000gp/T/XcodeDistPipeline.b2W/Root/Payload/webview.app/Frameworks/libswiftDarwin.dylib: signed Mach-O universal (armv7 armv7s arm64) [com.apple.dt.runtime.swiftDarwin]
2018-11-07 22:19:17 +0000  /usr/bin/codesign exited with 0
2018-11-07 22:19:17 +0000  Entitlements for <IDEDistributionItem: 0x7fb4c3eacf00 'com.apple.dt.runtime.swiftDispatch' '<DVTFilePath:0x7fb4c4d6db50:'/Users/santhoshramidi/Library/Developer/Xcode/Archives/2018-11-07/webview 11-7-18, 4.16 PM.xcarchive/Products/Applications/webview.app/Frameworks/libswiftDispatch.dylib'>'>: {
}
2018-11-07 22:19:17 +0000  Writing entitlements for <IDEDistributionItem: 0x7fb4c3eacf00 'com.apple.dt.runtime.swiftDispatch' '<DVTFilePath:0x7fb4c4d6db50:'/Users/santhoshramidi/Library/Developer/Xcode/Archives/2018-11-07/webview 11-7-18, 4.16 PM.xcarchive/Products/Applications/webview.app/Frameworks/libswiftDispatch.dylib'>'> to: /var/folders/3y/8h1r18fx4mn15vhmcc72tsl40000gp/T/XcodeDistPipeline.b2W/entitlements3SDnMh
2018-11-07 22:19:17 +0000  Running /usr/bin/codesign '-vvv' '--force' '--sign' 'BAED5B763978CEAB623549C4A07228CC0A704160' '--entitlements' '/var/folders/3y/8h1r18fx4mn15vhmcc72tsl40000gp/T/XcodeDistPipeline.b2W/entitlements3SDnMh' '--preserve-metadata=identifier,flags,runtime' '/var/folders/3y/8h1r18fx4mn15vhmcc72tsl40000gp/T/XcodeDistPipeline.b2W/Root/Payload/webview.app/Frameworks/libswiftDispatch.dylib'
2018-11-07 22:19:17 +0000  /var/folders/3y/8h1r18fx4mn15vhmcc72tsl40000gp/T/XcodeDistPipeline.b2W/Root/Payload/webview.app/Frameworks/libswiftDispatch.dylib: signed Mach-O universal (armv7 armv7s arm64) [com.apple.dt.runtime.swiftDispatch]
2018-11-07 22:19:17 +0000  /usr/bin/codesign exited with 0
2018-11-07 22:19:17 +0000  Entitlements for <IDEDistributionItem: 0x7fb4c2518490 'com.apple.dt.runtime.swiftFoundation' '<DVTFilePath:0x7fb4c69d40d0:'/Users/santhoshramidi/Library/Developer/Xcode/Archives/2018-11-07/webview 11-7-18, 4.16 PM.xcarchive/Products/Applications/webview.app/Frameworks/libswiftFoundation.dylib'>'>: {
}
2018-11-07 22:19:17 +0000  Writing entitlements for <IDEDistributionItem: 0x7fb4c2518490 'com.apple.dt.runtime.swiftFoundation' '<DVTFilePath:0x7fb4c69d40d0:'/Users/santhoshramidi/Library/Developer/Xcode/Archives/2018-11-07/webview 11-7-18, 4.16 PM.xcarchive/Products/Applications/webview.app/Frameworks/libswiftFoundation.dylib'>'> to: /var/folders/3y/8h1r18fx4mn15vhmcc72tsl40000gp/T/XcodeDistPipeline.b2W/entitlementslK0jsc
2018-11-07 22:19:17 +0000  Running /usr/bin/codesign '-vvv' '--force' '--sign' 'BAED5B763978CEAB623549C4A07228CC0A704160' '--entitlements' '/var/folders/3y/8h1r18fx4mn15vhmcc72tsl40000gp/T/XcodeDistPipeline.b2W/entitlementslK0jsc' '--preserve-metadata=identifier,flags,runtime' '/var/folders/3y/8h1r18fx4mn15vhmcc72tsl40000gp/T/XcodeDistPipeline.b2W/Root/Payload/webview.app/Frameworks/libswiftFoundation.dylib'
2018-11-07 22:19:17 +0000  /var/folders/3y/8h1r18fx4mn15vhmcc72tsl40000gp/T/XcodeDistPipeline.b2W/Root/Payload/webview.app/Frameworks/libswiftFoundation.dylib: signed Mach-O universal (armv7 armv7s arm64) [com.apple.dt.runtime.swiftFoundation]
2018-11-07 22:19:17 +0000  /usr/bin/codesign exited with 0
2018-11-07 22:19:17 +0000  Entitlements for <IDEDistributionItem: 0x7fb4c79eaf10 'com.apple.dt.runtime.swiftMetal' '<DVTFilePath:0x7fb4c797c2f0:'/Users/santhoshramidi/Library/Developer/Xcode/Archives/2018-11-07/webview 11-7-18, 4.16 PM.xcarchive/Products/Applications/webview.app/Frameworks/libswiftMetal.dylib'>'>: {
}
2018-11-07 22:19:17 +0000  Writing entitlements for <IDEDistributionItem: 0x7fb4c79eaf10 'com.apple.dt.runtime.swiftMetal' '<DVTFilePath:0x7fb4c797c2f0:'/Users/santhoshramidi/Library/Developer/Xcode/Archives/2018-11-07/webview 11-7-18, 4.16 PM.xcarchive/Products/Applications/webview.app/Frameworks/libswiftMetal.dylib'>'> to: /var/folders/3y/8h1r18fx4mn15vhmcc72tsl40000gp/T/XcodeDistPipeline.b2W/entitlementsUD8MBd
2018-11-07 22:19:17 +0000  Running /usr/bin/codesign '-vvv' '--force' '--sign' 'BAED5B763978CEAB623549C4A07228CC0A704160' '--entitlements' '/var/folders/3y/8h1r18fx4mn15vhmcc72tsl40000gp/T/XcodeDistPipeline.b2W/entitlementsUD8MBd' '--preserve-metadata=identifier,flags,runtime' '/var/folders/3y/8h1r18fx4mn15vhmcc72tsl40000gp/T/XcodeDistPipeline.b2W/Root/Payload/webview.app/Frameworks/libswiftMetal.dylib'
2018-11-07 22:19:17 +0000  /var/folders/3y/8h1r18fx4mn15vhmcc72tsl40000gp/T/XcodeDistPipeline.b2W/Root/Payload/webview.app/Frameworks/libswiftMetal.dylib: signed Mach-O universal (armv7 armv7s arm64) [com.apple.dt.runtime.swiftMetal]
2018-11-07 22:19:17 +0000  /usr/bin/codesign exited with 0
2018-11-07 22:19:17 +0000  Entitlements for <IDEDistributionItem: 0x7fb4c475fec0 'com.apple.dt.runtime.swiftObjectiveC' '<DVTFilePath:0x7fb4c7ab0880:'/Users/santhoshramidi/Library/Developer/Xcode/Archives/2018-11-07/webview 11-7-18, 4.16 PM.xcarchive/Products/Applications/webview.app/Frameworks/libswiftObjectiveC.dylib'>'>: {
}
2018-11-07 22:19:17 +0000  Writing entitlements for <IDEDistributionItem: 0x7fb4c475fec0 'com.apple.dt.runtime.swiftObjectiveC' '<DVTFilePath:0x7fb4c7ab0880:'/Users/santhoshramidi/Library/Developer/Xcode/Archives/2018-11-07/webview 11-7-18, 4.16 PM.xcarchive/Products/Applications/webview.app/Frameworks/libswiftObjectiveC.dylib'>'> to: /var/folders/3y/8h1r18fx4mn15vhmcc72tsl40000gp/T/XcodeDistPipeline.b2W/entitlementsfQvzjz
2018-11-07 22:19:17 +0000  Running /usr/bin/codesign '-vvv' '--force' '--sign' 'BAED5B763978CEAB623549C4A07228CC0A704160' '--entitlements' '/var/folders/3y/8h1r18fx4mn15vhmcc72tsl40000gp/T/XcodeDistPipeline.b2W/entitlementsfQvzjz' '--preserve-metadata=identifier,flags,runtime' '/var/folders/3y/8h1r18fx4mn15vhmcc72tsl40000gp/T/XcodeDistPipeline.b2W/Root/Payload/webview.app/Frameworks/libswiftObjectiveC.dylib'
2018-11-07 22:19:17 +0000  /var/folders/3y/8h1r18fx4mn15vhmcc72tsl40000gp/T/XcodeDistPipeline.b2W/Root/Payload/webview.app/Frameworks/libswiftObjectiveC.dylib: signed Mach-O universal (armv7 armv7s arm64) [com.apple.dt.runtime.swiftObjectiveC]
2018-11-07 22:19:17 +0000  /usr/bin/codesign exited with 0
2018-11-07 22:19:17 +0000  Entitlements for <IDEDistributionItem: 0x7fb4c443d980 'com.apple.dt.runtime.swiftQuartzCore' '<DVTFilePath:0x7fb4c36f51f0:'/Users/santhoshramidi/Library/Developer/Xcode/Archives/2018-11-07/webview 11-7-18, 4.16 PM.xcarchive/Products/Applications/webview.app/Frameworks/libswiftQuartzCore.dylib'>'>: {
}
2018-11-07 22:19:17 +0000  Writing entitlements for <IDEDistributionItem: 0x7fb4c443d980 'com.apple.dt.runtime.swiftQuartzCore' '<DVTFilePath:0x7fb4c36f51f0:'/Users/santhoshramidi/Library/Developer/Xcode/Archives/2018-11-07/webview 11-7-18, 4.16 PM.xcarchive/Products/Applications/webview.app/Frameworks/libswiftQuartzCore.dylib'>'> to: /var/folders/3y/8h1r18fx4mn15vhmcc72tsl40000gp/T/XcodeDistPipeline.b2W/entitlementszoWybg
2018-11-07 22:19:17 +0000  Running /usr/bin/codesign '-vvv' '--force' '--sign' 'BAED5B763978CEAB623549C4A07228CC0A704160' '--entitlements' '/var/folders/3y/8h1r18fx4mn15vhmcc72tsl40000gp/T/XcodeDistPipeline.b2W/entitlementszoWybg' '--preserve-metadata=identifier,flags,runtime' '/var/folders/3y/8h1r18fx4mn15vhmcc72tsl40000gp/T/XcodeDistPipeline.b2W/Root/Payload/webview.app/Frameworks/libswiftQuartzCore.dylib'
2018-11-07 22:19:17 +0000  /var/folders/3y/8h1r18fx4mn15vhmcc72tsl40000gp/T/XcodeDistPipeline.b2W/Root/Payload/webview.app/Frameworks/libswiftQuartzCore.dylib: signed Mach-O universal (armv7 armv7s arm64) [com.apple.dt.runtime.swiftQuartzCore]
2018-11-07 22:19:17 +0000  /usr/bin/codesign exited with 0
2018-11-07 22:19:17 +0000  Entitlements for <IDEDistributionItem: 0x7fb4c7a8b9a0 'com.apple.dt.runtime.swiftUIKit' '<DVTFilePath:0x7fb4c695f490:'/Users/santhoshramidi/Library/Developer/Xcode/Archives/2018-11-07/webview 11-7-18, 4.16 PM.xcarchive/Products/Applications/webview.app/Frameworks/libswiftUIKit.dylib'>'>: {
}
2018-11-07 22:19:17 +0000  Writing entitlements for <IDEDistributionItem: 0x7fb4c7a8b9a0 'com.apple.dt.runtime.swiftUIKit' '<DVTFilePath:0x7fb4c695f490:'/Users/santhoshramidi/Library/Developer/Xcode/Archives/2018-11-07/webview 11-7-18, 4.16 PM.xcarchive/Products/Applications/webview.app/Frameworks/libswiftUIKit.dylib'>'> to: /var/folders/3y/8h1r18fx4mn15vhmcc72tsl40000gp/T/XcodeDistPipeline.b2W/entitlementsYzZXTf
2018-11-07 22:19:17 +0000  Running /usr/bin/codesign '-vvv' '--force' '--sign' 'BAED5B763978CEAB623549C4A07228CC0A704160' '--entitlements' '/var/folders/3y/8h1r18fx4mn15vhmcc72tsl40000gp/T/XcodeDistPipeline.b2W/entitlementsYzZXTf' '--preserve-metadata=identifier,flags,runtime' '/var/folders/3y/8h1r18fx4mn15vhmcc72tsl40000gp/T/XcodeDistPipeline.b2W/Root/Payload/webview.app/Frameworks/libswiftUIKit.dylib'
2018-11-07 22:19:17 +0000  /var/folders/3y/8h1r18fx4mn15vhmcc72tsl40000gp/T/XcodeDistPipeline.b2W/Root/Payload/webview.app/Frameworks/libswiftUIKit.dylib: signed Mach-O universal (armv7 armv7s arm64) [com.apple.dt.runtime.swiftUIKit]
2018-11-07 22:19:17 +0000  /usr/bin/codesign exited with 0
2018-11-07 22:19:17 +0000  Entitlements for <IDEDistributionItem: 0x7fb4c36e4d20 'com.apple.dt.runtime.swiftos' '<DVTFilePath:0x7fb4bf365df0:'/Users/santhoshramidi/Library/Developer/Xcode/Archives/2018-11-07/webview 11-7-18, 4.16 PM.xcarchive/Products/Applications/webview.app/Frameworks/libswiftos.dylib'>'>: {
}
2018-11-07 22:19:17 +0000  Writing entitlements for <IDEDistributionItem: 0x7fb4c36e4d20 'com.apple.dt.runtime.swiftos' '<DVTFilePath:0x7fb4bf365df0:'/Users/santhoshramidi/Library/Developer/Xcode/Archives/2018-11-07/webview 11-7-18, 4.16 PM.xcarchive/Products/Applications/webview.app/Frameworks/libswiftos.dylib'>'> to: /var/folders/3y/8h1r18fx4mn15vhmcc72tsl40000gp/T/XcodeDistPipeline.b2W/entitlementsXPLpbH
2018-11-07 22:19:17 +0000  Running /usr/bin/codesign '-vvv' '--force' '--sign' 'BAED5B763978CEAB623549C4A07228CC0A704160' '--entitlements' '/var/folders/3y/8h1r18fx4mn15vhmcc72tsl40000gp/T/XcodeDistPipeline.b2W/entitlementsXPLpbH' '--preserve-metadata=identifier,flags,runtime' '/var/folders/3y/8h1r18fx4mn15vhmcc72tsl40000gp/T/XcodeDistPipeline.b2W/Root/Payload/webview.app/Frameworks/libswiftos.dylib'
2018-11-07 22:19:17 +0000  /var/folders/3y/8h1r18fx4mn15vhmcc72tsl40000gp/T/XcodeDistPipeline.b2W/Root/Payload/webview.app/Frameworks/libswiftos.dylib: signed Mach-O universal (armv7 armv7s arm64) [com.apple.dt.runtime.swiftos]
2018-11-07 22:19:17 +0000  /usr/bin/codesign exited with 0
2018-11-07 22:19:17 +0000  Entitlements for <IDEDistributionItem: 0x7fb4c36634a0 'com.webview.' '<DVTFilePath:0x7fb4c6933bd0:'/Users/santhoshramidi/Library/Developer/Xcode/Archives/2018-11-07/webview 11-7-18, 4.16 PM.xcarchive/Products/Applications/webview.app'>'>: {
    "application-identifier" = "DXZ5VF8836.com.webview.";
    "com.apple.developer.team-identifier" = DXZ5VF8836;
    "get-task-allow" = 1;
    "keychain-access-groups" =     (
        "DXZ5VF8836.com.webview."
    );
}
2018-11-07 22:19:17 +0000  Writing entitlements for <IDEDistributionItem: 0x7fb4c36634a0 'com.webview.' '<DVTFilePath:0x7fb4c6933bd0:'/Users/santhoshramidi/Library/Developer/Xcode/Archives/2018-11-07/webview 11-7-18, 4.16 PM.xcarchive/Products/Applications/webview.app'>'> to: /var/folders/3y/8h1r18fx4mn15vhmcc72tsl40000gp/T/XcodeDistPipeline.b2W/entitlementsmYgaJX
2018-11-07 22:19:17 +0000  Running /usr/bin/codesign '-vvv' '--force' '--sign' 'BAED5B763978CEAB623549C4A07228CC0A704160' '--entitlements' '/var/folders/3y/8h1r18fx4mn15vhmcc72tsl40000gp/T/XcodeDistPipeline.b2W/entitlementsmYgaJX' '--preserve-metadata=identifier,flags,runtime' '/var/folders/3y/8h1r18fx4mn15vhmcc72tsl40000gp/T/XcodeDistPipeline.b2W/Root/Payload/webview.app'
2018-11-07 22:19:18 +0000  /var/folders/3y/8h1r18fx4mn15vhmcc72tsl40000gp/T/XcodeDistPipeline.b2W/Root/Payload/webview.app: signed app bundle with Mach-O thin (arm64) [com.webview.]
2018-11-07 22:19:18 +0000  /usr/bin/codesign exited with 0
2018-11-07 22:19:18 +0000  Processing step: IDEDistributionZipODRItemStep
2018-11-07 22:19:18 +0000  Skipping step: IDEDistributionZipODRItemStep because it said so
2018-11-07 22:19:18 +0000  Skipping step: IDEDistributionZipODRItemStep because it said so
2018-11-07 22:19:18 +0000  Skipping step: IDEDistributionZipODRItemStep because it said so
2018-11-07 22:19:18 +0000  Skipping step: IDEDistributionZipODRItemStep because it said so
2018-11-07 22:19:18 +0000  Skipping step: IDEDistributionZipODRItemStep because it said so
2018-11-07 22:19:18 +0000  Skipping step: IDEDistributionZipODRItemStep because it said so
2018-11-07 22:19:18 +0000  Skipping step: IDEDistributionZipODRItemStep because it said so
2018-11-07 22:19:18 +0000  Skipping step: IDEDistributionZipODRItemStep because it said so
2018-11-07 22:19:18 +0000  Skipping step: IDEDistributionZipODRItemStep because it said so
2018-11-07 22:19:18 +0000  Skipping step: IDEDistributionZipODRItemStep because it said so
2018-11-07 22:19:18 +0000  Skipping step: IDEDistributionZipODRItemStep because it said so
2018-11-07 22:19:18 +0000  Skipping step: IDEDistributionZipODRItemStep because it said so
2018-11-07 22:19:18 +0000  Skipping step: IDEDistributionZipODRItemStep because it said so
2018-11-07 22:19:18 +0000  Processing step: IDEDistributionCreateIPAStep
2018-11-07 22:19:18 +0000  Running /usr/bin/ditto '-V' '-c' '-k' '--norsrc' '/var/folders/3y/8h1r18fx4mn15vhmcc72tsl40000gp/T/XcodeDistPipeline.b2W/Root' '/var/folders/3y/8h1r18fx4mn15vhmcc72tsl40000gp/T/XcodeDistPipeline.b2W/Packages/webview.ipa'
2018-11-07 22:19:18 +0000  >>> Copying /var/folders/3y/8h1r18fx4mn15vhmcc72tsl40000gp/T/XcodeDistPipeline.b2W/Root 
2018-11-07 22:19:18 +0000  copying file ./Payload/webview.app/_CodeSignature/CodeResources ... 
2018-11-07 22:19:18 +0000  6917 bytes for ./Payload/webview.app/_CodeSignature/CodeResources
2018-11-07 22:19:18 +0000  copying file ./Payload/webview.app/webview ... 
2018-11-07 22:19:18 +0000  76720 bytes for ./Payload/webview.app/webview
2018-11-07 22:19:18 +0000  copying file ./Payload/webview.app/Base.lproj/Main.storyboardc/UIViewController-BYZ-38-t0r.nib ... 
2018-11-07 22:19:18 +0000  978 bytes for ./Payload/webview.app/Base.lproj/Main.storyboardc/UIViewController-BYZ-38-t0r.nib
copying file ./Payload/webview.app/Base.lproj/Main.storyboardc/BYZ-38-t0r-view-8bC-Xf-vdC.nib ... 
2018-11-07 22:19:18 +0000  2329 bytes for ./Payload/webview.app/Base.lproj/Main.storyboardc/BYZ-38-t0r-view-8bC-Xf-vdC.nib
copying file ./Payload/webview.app/Base.lproj/Main.storyboardc/Info.plist ... 
2018-11-07 22:19:18 +0000  258 bytes for ./Payload/webview.app/Base.lproj/Main.storyboardc/Info.plist
copying file ./Payload/webview.app/Base.lproj/LaunchScreen.storyboardc/01J-lp-oVM-view-Ze5-6b-2t3.nib ... 
2018-11-07 22:19:18 +0000  1136 bytes for ./Payload/webview.app/Base.lproj/LaunchScreen.storyboardc/01J-lp-oVM-view-Ze5-6b-2t3.nib
2018-11-07 22:19:18 +0000  copying file ./Payload/webview.app/Base.lproj/LaunchScreen.storyboardc/UIViewController-01J-lp-oVM.nib ... 
832 bytes for ./Payload/webview.app/Base.lproj/LaunchScreen.storyboardc/UIViewController-01J-lp-oVM.nib
2018-11-07 22:19:18 +0000  copying file ./Payload/webview.app/Base.lproj/LaunchScreen.storyboardc/Info.plist ... 
258 bytes for ./Payload/webview.app/Base.lproj/LaunchScreen.storyboardc/Info.plist
2018-11-07 22:19:18 +0000  copying file ./Payload/webview.app/Frameworks/libswiftCoreImage.dylib ... 
2018-11-07 22:19:18 +0000  251056 bytes for ./Payload/webview.app/Frameworks/libswiftCoreImage.dylib
2018-11-07 22:19:18 +0000  copying file ./Payload/webview.app/Frameworks/libswiftObjectiveC.dylib ... 
2018-11-07 22:19:18 +0000  299616 bytes for ./Payload/webview.app/Frameworks/libswiftObjectiveC.dylib
2018-11-07 22:19:18 +0000  copying file ./Payload/webview.app/Frameworks/libswiftCore.dylib ... 
2018-11-07 22:19:18 +0000  16705920 bytes for ./Payload/webview.app/Frameworks/libswiftCore.dylib
copying file ./Payload/webview.app/Frameworks/libswiftCoreGraphics.dylib ... 
2018-11-07 22:19:18 +0000  651792 bytes for ./Payload/webview.app/Frameworks/libswiftCoreGraphics.dylib
copying file ./Payload/webview.app/Frameworks/libswiftUIKit.dylib ... 
2018-11-07 22:19:18 +0000  527088 bytes for ./Payload/webview.app/Frameworks/libswiftUIKit.dylib
2018-11-07 22:19:18 +0000  copying file ./Payload/webview.app/Frameworks/libswiftMetal.dylib ... 
2018-11-07 22:19:18 +0000  295696 bytes for ./Payload/webview.app/Frameworks/libswiftMetal.dylib
copying file ./Payload/webview.app/Frameworks/libswiftDispatch.dylib ... 
2018-11-07 22:19:18 +0000  1059200 bytes for ./Payload/webview.app/Frameworks/libswiftDispatch.dylib
2018-11-07 22:19:18 +0000  copying file ./Payload/webview.app/Frameworks/libswiftos.dylib ... 
2018-11-07 22:19:18 +0000  299936 bytes for ./Payload/webview.app/Frameworks/libswiftos.dylib
copying file ./Payload/webview.app/Frameworks/libswiftCoreFoundation.dylib ... 
2018-11-07 22:19:18 +0000  250752 bytes for ./Payload/webview.app/Frameworks/libswiftCoreFoundation.dylib
copying file ./Payload/webview.app/Frameworks/libswiftDarwin.dylib ... 
2018-11-07 22:19:18 +0000  402976 bytes for ./Payload/webview.app/Frameworks/libswiftDarwin.dylib
copying file ./Payload/webview.app/Frameworks/libswiftQuartzCore.dylib ... 
2018-11-07 22:19:18 +0000  255104 bytes for ./Payload/webview.app/Frameworks/libswiftQuartzCore.dylib
copying file ./Payload/webview.app/Frameworks/libswiftFoundation.dylib ... 
2018-11-07 22:19:19 +0000  8352704 bytes for ./Payload/webview.app/Frameworks/libswiftFoundation.dylib
2018-11-07 22:19:19 +0000  copying file ./Payload/webview.app/embedded.mobileprovision ... 
2018-11-07 22:19:19 +0000  305611 bytes for ./Payload/webview.app/embedded.mobileprovision
2018-11-07 22:19:19 +0000  copying file ./Payload/webview.app/Info.plist ... 
1238 bytes for ./Payload/webview.app/Info.plist
2018-11-07 22:19:19 +0000  copying file ./Payload/webview.app/PkgInfo ... 
8 bytes for ./Payload/webview.app/PkgInfo
copying file ./AppThinning.plist ... 
2018-11-07 22:19:19 +0000  228 bytes for ./AppThinning.plist
2018-11-07 22:19:19 +0000  /usr/bin/ditto exited with 0
2018-11-07 22:19:19 +0000  Processing step: IDEDistributionAppStoreInformationStep
2018-11-07 22:19:19 +0000  Skipping step: IDEDistributionAppStoreInformationStep because it said so
2018-11-07 22:19:19 +0000  Processing step: IDEDistributionCreateManifestStep
